<?xml version="1.0" encoding="UTF-8"?>
<!-- Generated by org.testng.reporters.JUnitReportReporter -->
<testsuite skipped="0" hostname="DI-DEV-03" name="calculator.tests" tests="1" failures="0" timestamp="18 lip 2017 10:59:01 GMT" time="0.012" errors="0">
  <testcase name="AppLaunch" time="0.012" classname="calculator.tests"/>
</testsuite> <!-- calculator.tests -->
